<?xml version="1.0" encoding="UTF-8"?>
<testsuite name="com.kenzie.hotel.Phase0Test" tests="1" skipped="0" failures="0" errors="0" timestamp="2023-07-31T16:05:53" hostname="BANANACOMP" time="0.756">
  <properties/>
  <testcase name="[1] Metrics-Reservations" classname="com.kenzie.hotel.Phase0Test" time="0.756"/>
  <system-out><![CDATA[]]></system-out>
  <system-err><![CDATA[]]></system-err>
</testsuite>
